[2023-07-19T20:58:58.895+0000] {taskinstance.py:1103} INFO - Dependencies all met for dep_context=non-requeueable deps ti=<TaskInstance: ETL_stock_data_google_DAG.transform_load_data manual__2023-07-19T20:58:53.176455+00:00 [queued]>
[2023-07-19T20:58:59.010+0000] {taskinstance.py:1103} INFO - Dependencies all met for dep_context=requeueable deps ti=<TaskInstance: ETL_stock_data_google_DAG.transform_load_data manual__2023-07-19T20:58:53.176455+00:00 [queued]>
[2023-07-19T20:58:59.011+0000] {taskinstance.py:1308} INFO - Starting attempt 1 of 1
[2023-07-19T20:58:59.033+0000] {taskinstance.py:1327} INFO - Executing <Task(BashOperator): transform_load_data> on 2023-07-19 20:58:53.176455+00:00
[2023-07-19T20:58:59.037+0000] {standard_task_runner.py:57} INFO - Started process 211 to run task
[2023-07-19T20:58:59.043+0000] {standard_task_runner.py:84} INFO - Running: ['***', 'tasks', 'run', 'ETL_stock_data_google_DAG', 'transform_load_data', 'manual__2023-07-19T20:58:53.176455+00:00', '--job-id', '11', '--raw', '--subdir', 'DAGS_FOLDER/ETL_stock_data_google_DAG.py', '--cfg-path', '/tmp/tmpgpte5ass']
[2023-07-19T20:58:59.046+0000] {standard_task_runner.py:85} INFO - Job 11: Subtask transform_load_data
[2023-07-19T20:58:59.116+0000] {task_command.py:410} INFO - Running <TaskInstance: ETL_stock_data_google_DAG.transform_load_data manual__2023-07-19T20:58:53.176455+00:00 [running]> on host 90317fb99301
[2023-07-19T20:58:59.221+0000] {taskinstance.py:1545} INFO - Exporting env vars: AIRFLOW_CTX_DAG_OWNER='fvinciguerra' AIRFLOW_CTX_DAG_ID='ETL_stock_data_google_DAG' AIRFLOW_CTX_TASK_ID='transform_load_data' AIRFLOW_CTX_EXECUTION_DATE='2023-07-19T20:58:53.176455+00:00' AIRFLOW_CTX_TRY_NUMBER='1' AIRFLOW_CTX_DAG_RUN_ID='manual__2023-07-19T20:58:53.176455+00:00'
[2023-07-19T20:58:59.223+0000] {subprocess.py:63} INFO - Tmp dir root location: /tmp
[2023-07-19T20:58:59.227+0000] {subprocess.py:75} INFO - Running command: ['/bin/bash', '-c', 'python /opt/***/dags/pyscripts/TransformationLoad_stock_data_google.py']
[2023-07-19T20:58:59.234+0000] {subprocess.py:86} INFO - Output:
[2023-07-19T20:59:00.800+0000] {subprocess.py:93} INFO - 2023-07-19 20:59:00,800 - INFO - Iniciando transformaci贸n de datos...
[2023-07-19T20:59:00.837+0000] {subprocess.py:93} INFO - 2023-07-19 20:59:00,837 - INFO - Transformaci贸n de datos completada.
[2023-07-19T20:59:00.838+0000] {subprocess.py:93} INFO - 2023-07-19 20:59:00,837 - INFO - Iniciando carga de datos...
[2023-07-19T20:59:57.928+0000] {subprocess.py:93} INFO - 2023-07-19 20:59:57,927 - INFO - Carga de datos completada.
[2023-07-19T20:59:57.929+0000] {subprocess.py:93} INFO - 2023-07-19 20:59:57,928 - INFO - La inserci贸n de 'stock_data' se complet贸 exitosamente
[2023-07-19T20:59:58.085+0000] {subprocess.py:97} INFO - Command exited with return code 0
[2023-07-19T20:59:58.119+0000] {taskinstance.py:1345} INFO - Marking task as SUCCESS. dag_id=ETL_stock_data_google_DAG, task_id=transform_load_data, execution_date=20230719T205853, start_date=20230719T205858, end_date=20230719T205958
[2023-07-19T20:59:58.174+0000] {local_task_job_runner.py:225} INFO - Task exited with return code 0
[2023-07-19T20:59:58.194+0000] {taskinstance.py:2653} INFO - 1 downstream tasks scheduled from follow-on schedule check
