[2023-07-19T21:35:28.621+0000] {taskinstance.py:1103} INFO - Dependencies all met for dep_context=non-requeueable deps ti=<TaskInstance: ETL_stock_data_google_DAG.transform_load_data manual__2023-07-19T21:35:23.991759+00:00 [queued]>
[2023-07-19T21:35:28.634+0000] {taskinstance.py:1103} INFO - Dependencies all met for dep_context=requeueable deps ti=<TaskInstance: ETL_stock_data_google_DAG.transform_load_data manual__2023-07-19T21:35:23.991759+00:00 [queued]>
[2023-07-19T21:35:28.636+0000] {taskinstance.py:1308} INFO - Starting attempt 1 of 1
[2023-07-19T21:35:28.657+0000] {taskinstance.py:1327} INFO - Executing <Task(BashOperator): transform_load_data> on 2023-07-19 21:35:23.991759+00:00
[2023-07-19T21:35:28.663+0000] {standard_task_runner.py:57} INFO - Started process 201 to run task
[2023-07-19T21:35:28.667+0000] {standard_task_runner.py:84} INFO - Running: ['***', 'tasks', 'run', 'ETL_stock_data_google_DAG', 'transform_load_data', 'manual__2023-07-19T21:35:23.991759+00:00', '--job-id', '46', '--raw', '--subdir', 'DAGS_FOLDER/ETL_stock_data_google_DAG.py', '--cfg-path', '/tmp/tmpbttl2e4d']
[2023-07-19T21:35:28.671+0000] {standard_task_runner.py:85} INFO - Job 46: Subtask transform_load_data
[2023-07-19T21:35:28.742+0000] {task_command.py:410} INFO - Running <TaskInstance: ETL_stock_data_google_DAG.transform_load_data manual__2023-07-19T21:35:23.991759+00:00 [running]> on host 90317fb99301
[2023-07-19T21:35:28.855+0000] {taskinstance.py:1545} INFO - Exporting env vars: AIRFLOW_CTX_DAG_OWNER='fvinciguerra' AIRFLOW_CTX_DAG_ID='ETL_stock_data_google_DAG' AIRFLOW_CTX_TASK_ID='transform_load_data' AIRFLOW_CTX_EXECUTION_DATE='2023-07-19T21:35:23.991759+00:00' AIRFLOW_CTX_TRY_NUMBER='1' AIRFLOW_CTX_DAG_RUN_ID='manual__2023-07-19T21:35:23.991759+00:00'
[2023-07-19T21:35:28.858+0000] {subprocess.py:63} INFO - Tmp dir root location: /tmp
[2023-07-19T21:35:28.860+0000] {subprocess.py:75} INFO - Running command: ['/bin/bash', '-c', 'python /opt/***/dags/pyscripts/TransformationLoad_stock_data_google.py']
[2023-07-19T21:35:28.869+0000] {subprocess.py:86} INFO - Output:
[2023-07-19T21:35:30.387+0000] {subprocess.py:93} INFO - 2023-07-19 21:35:30,386 - INFO - Iniciando transformaci贸n de datos...
[2023-07-19T21:35:30.418+0000] {subprocess.py:93} INFO - 2023-07-19 21:35:30,418 - INFO - Transformaci贸n de datos completada.
[2023-07-19T21:35:30.419+0000] {subprocess.py:93} INFO - 2023-07-19 21:35:30,418 - INFO - Iniciando carga de datos...
[2023-07-19T21:36:28.288+0000] {subprocess.py:93} INFO - 2023-07-19 21:36:28,287 - INFO - Carga de datos completada.
[2023-07-19T21:36:28.289+0000] {subprocess.py:93} INFO - 2023-07-19 21:36:28,287 - INFO - La inserci贸n de 'stock_data' se complet贸 exitosamente
[2023-07-19T21:36:28.369+0000] {subprocess.py:97} INFO - Command exited with return code 0
[2023-07-19T21:36:28.398+0000] {taskinstance.py:1345} INFO - Marking task as SUCCESS. dag_id=ETL_stock_data_google_DAG, task_id=transform_load_data, execution_date=20230719T213523, start_date=20230719T213528, end_date=20230719T213628
[2023-07-19T21:36:28.431+0000] {local_task_job_runner.py:225} INFO - Task exited with return code 0
[2023-07-19T21:36:28.454+0000] {taskinstance.py:2653} INFO - 1 downstream tasks scheduled from follow-on schedule check
