[2023-07-19T21:02:49.783+0000] {taskinstance.py:1103} INFO - Dependencies all met for dep_context=non-requeueable deps ti=<TaskInstance: ETL_stock_data_google_DAG.transform_load_data manual__2023-07-19T21:02:45.147385+00:00 [queued]>
[2023-07-19T21:02:49.917+0000] {taskinstance.py:1103} INFO - Dependencies all met for dep_context=requeueable deps ti=<TaskInstance: ETL_stock_data_google_DAG.transform_load_data manual__2023-07-19T21:02:45.147385+00:00 [queued]>
[2023-07-19T21:02:49.918+0000] {taskinstance.py:1308} INFO - Starting attempt 1 of 1
[2023-07-19T21:02:49.938+0000] {taskinstance.py:1327} INFO - Executing <Task(BashOperator): transform_load_data> on 2023-07-19 21:02:45.147385+00:00
[2023-07-19T21:02:49.947+0000] {standard_task_runner.py:57} INFO - Started process 196 to run task
[2023-07-19T21:02:49.950+0000] {standard_task_runner.py:84} INFO - Running: ['***', 'tasks', 'run', 'ETL_stock_data_google_DAG', 'transform_load_data', 'manual__2023-07-19T21:02:45.147385+00:00', '--job-id', '15', '--raw', '--subdir', 'DAGS_FOLDER/ETL_stock_data_google_DAG.py', '--cfg-path', '/tmp/tmpwo5q5qlq']
[2023-07-19T21:02:49.955+0000] {standard_task_runner.py:85} INFO - Job 15: Subtask transform_load_data
[2023-07-19T21:02:49.950+0000] {task_command.py:410} INFO - Running <TaskInstance: ETL_stock_data_google_DAG.transform_load_data manual__2023-07-19T21:02:45.147385+00:00 [running]> on host 90317fb99301
[2023-07-19T21:02:50.064+0000] {taskinstance.py:1545} INFO - Exporting env vars: AIRFLOW_CTX_DAG_OWNER='fvinciguerra' AIRFLOW_CTX_DAG_ID='ETL_stock_data_google_DAG' AIRFLOW_CTX_TASK_ID='transform_load_data' AIRFLOW_CTX_EXECUTION_DATE='2023-07-19T21:02:45.147385+00:00' AIRFLOW_CTX_TRY_NUMBER='1' AIRFLOW_CTX_DAG_RUN_ID='manual__2023-07-19T21:02:45.147385+00:00'
[2023-07-19T21:02:50.067+0000] {subprocess.py:63} INFO - Tmp dir root location: /tmp
[2023-07-19T21:02:50.068+0000] {subprocess.py:75} INFO - Running command: ['/bin/bash', '-c', 'python /opt/***/dags/pyscripts/TransformationLoad_stock_data_google.py']
[2023-07-19T21:02:50.081+0000] {subprocess.py:86} INFO - Output:
[2023-07-19T21:02:51.492+0000] {subprocess.py:93} INFO - 2023-07-19 21:02:51,492 - INFO - Iniciando transformaci贸n de datos...
[2023-07-19T21:02:51.525+0000] {subprocess.py:93} INFO - 2023-07-19 21:02:51,524 - INFO - Transformaci贸n de datos completada.
[2023-07-19T21:02:51.526+0000] {subprocess.py:93} INFO - 2023-07-19 21:02:51,525 - INFO - Iniciando carga de datos...
[2023-07-19T21:03:49.466+0000] {subprocess.py:93} INFO - 2023-07-19 21:03:49,466 - INFO - Carga de datos completada.
[2023-07-19T21:03:49.467+0000] {subprocess.py:93} INFO - 2023-07-19 21:03:49,466 - INFO - La inserci贸n de 'stock_data' se complet贸 exitosamente
[2023-07-19T21:03:49.545+0000] {subprocess.py:97} INFO - Command exited with return code 0
[2023-07-19T21:03:49.577+0000] {taskinstance.py:1345} INFO - Marking task as SUCCESS. dag_id=ETL_stock_data_google_DAG, task_id=transform_load_data, execution_date=20230719T210245, start_date=20230719T210249, end_date=20230719T210349
[2023-07-19T21:03:49.625+0000] {local_task_job_runner.py:225} INFO - Task exited with return code 0
[2023-07-19T21:03:49.659+0000] {taskinstance.py:2653} INFO - 0 downstream tasks scheduled from follow-on schedule check
