[2023-07-13 22:42:26,149] {taskinstance.py:1043} INFO - Dependencies all met for <TaskInstance: ETL_stock_data_google_DAG.execute_python_script manual__2023-07-13T22:42:24.725462+00:00 [queued]>
[2023-07-13 22:42:26,174] {taskinstance.py:1043} INFO - Dependencies all met for <TaskInstance: ETL_stock_data_google_DAG.execute_python_script manual__2023-07-13T22:42:24.725462+00:00 [queued]>
[2023-07-13 22:42:26,176] {taskinstance.py:1249} INFO - 
--------------------------------------------------------------------------------
[2023-07-13 22:42:26,178] {taskinstance.py:1250} INFO - Starting attempt 1 of 1
[2023-07-13 22:42:26,179] {taskinstance.py:1251} INFO - 
--------------------------------------------------------------------------------
[2023-07-13 22:42:26,208] {taskinstance.py:1270} INFO - Executing <Task(BashOperator): execute_python_script> on 2023-07-13 22:42:24.725462+00:00
[2023-07-13 22:42:26,215] {standard_task_runner.py:52} INFO - Started process 198 to run task
[2023-07-13 22:42:26,223] {standard_task_runner.py:79} INFO - Running: ['***', 'tasks', 'run', 'ETL_stock_data_google_DAG', 'execute_python_script', 'manual__2023-07-13T22:42:24.725462+00:00', '--job-id', '36', '--raw', '--subdir', 'DAGS_FOLDER/ETL_stock_data_google_DAG.py', '--cfg-path', '/tmp/tmps7v747a0', '--error-file', '/tmp/tmplyhmeunm']
[2023-07-13 22:42:26,226] {standard_task_runner.py:80} INFO - Job 36: Subtask execute_python_script
[2023-07-13 22:42:26,342] {logging_mixin.py:109} INFO - Running <TaskInstance: ETL_stock_data_google_DAG.execute_python_script manual__2023-07-13T22:42:24.725462+00:00 [running]> on host a917c5d777dc
[2023-07-13 22:42:26,407] {taskinstance.py:1446} INFO - Exporting the following env vars:
AIRFLOW_CTX_DAG_OWNER=fvinciguerra
AIRFLOW_CTX_DAG_ID=ETL_stock_data_google_DAG
AIRFLOW_CTX_TASK_ID=execute_python_script
AIRFLOW_CTX_EXECUTION_DATE=2023-07-13T22:42:24.725462+00:00
AIRFLOW_CTX_DAG_RUN_ID=manual__2023-07-13T22:42:24.725462+00:00
[2023-07-13 22:42:26,409] {subprocess.py:62} INFO - Tmp dir root location: 
 /tmp
[2023-07-13 22:42:26,410] {subprocess.py:74} INFO - Running command: ['bash', '-c', 'python /opt/***/dags/pyscripts/ETL_stock_data_google.py']
[2023-07-13 22:42:26,419] {subprocess.py:85} INFO - Output:
[2023-07-13 22:43:32,808] {subprocess.py:89} INFO - El insert de 'stock_data' se completó exitosamente
[2023-07-13 22:43:32,938] {subprocess.py:93} INFO - Command exited with return code 0
[2023-07-13 22:43:32,974] {taskinstance.py:1278} INFO - Marking task as SUCCESS. dag_id=ETL_stock_data_google_DAG, task_id=execute_python_script, execution_date=20230713T224224, start_date=20230713T224226, end_date=20230713T224332
[2023-07-13 22:43:33,036] {local_task_job.py:154} INFO - Task exited with return code 0
[2023-07-13 22:43:33,080] {local_task_job.py:264} INFO - 0 downstream tasks scheduled from follow-on schedule check
