[2023-07-14 19:07:31,244] {taskinstance.py:1043} INFO - Dependencies all met for <TaskInstance: ETL_stock_data_google_DAG.execute_python_script manual__2023-07-14T19:07:27.535158+00:00 [queued]>
[2023-07-14 19:07:31,292] {taskinstance.py:1043} INFO - Dependencies all met for <TaskInstance: ETL_stock_data_google_DAG.execute_python_script manual__2023-07-14T19:07:27.535158+00:00 [queued]>
[2023-07-14 19:07:31,293] {taskinstance.py:1249} INFO - 
--------------------------------------------------------------------------------
[2023-07-14 19:07:31,294] {taskinstance.py:1250} INFO - Starting attempt 1 of 1
[2023-07-14 19:07:31,295] {taskinstance.py:1251} INFO - 
--------------------------------------------------------------------------------
[2023-07-14 19:07:31,495] {taskinstance.py:1270} INFO - Executing <Task(BashOperator): execute_python_script> on 2023-07-14 19:07:27.535158+00:00
[2023-07-14 19:07:31,504] {standard_task_runner.py:52} INFO - Started process 203 to run task
[2023-07-14 19:07:31,521] {standard_task_runner.py:79} INFO - Running: ['***', 'tasks', 'run', 'ETL_stock_data_google_DAG', 'execute_python_script', 'manual__2023-07-14T19:07:27.535158+00:00', '--job-id', '42', '--raw', '--subdir', 'DAGS_FOLDER/ETL_stock_data_google_DAG.py', '--cfg-path', '/tmp/tmpo0162qgx', '--error-file', '/tmp/tmpx9y_tt4s']
[2023-07-14 19:07:31,530] {standard_task_runner.py:80} INFO - Job 42: Subtask execute_python_script
[2023-07-14 19:07:31,792] {logging_mixin.py:109} INFO - Running <TaskInstance: ETL_stock_data_google_DAG.execute_python_script manual__2023-07-14T19:07:27.535158+00:00 [running]> on host fcaaf4153cbd
[2023-07-14 19:07:31,953] {taskinstance.py:1446} INFO - Exporting the following env vars:
AIRFLOW_CTX_DAG_OWNER=fvinciguerra
AIRFLOW_CTX_DAG_ID=ETL_stock_data_google_DAG
AIRFLOW_CTX_TASK_ID=execute_python_script
AIRFLOW_CTX_EXECUTION_DATE=2023-07-14T19:07:27.535158+00:00
AIRFLOW_CTX_DAG_RUN_ID=manual__2023-07-14T19:07:27.535158+00:00
[2023-07-14 19:07:31,956] {subprocess.py:62} INFO - Tmp dir root location: 
 /tmp
[2023-07-14 19:07:31,958] {subprocess.py:74} INFO - Running command: ['bash', '-c', 'python /opt/***/dags/pyscripts/ETL_stock_data_google.py']
[2023-07-14 19:07:31,973] {subprocess.py:85} INFO - Output:
[2023-07-14 19:08:54,054] {subprocess.py:89} INFO - El insert de 'stock_data' se completó exitosamente
[2023-07-14 19:08:54,149] {subprocess.py:93} INFO - Command exited with return code 0
[2023-07-14 19:08:54,171] {taskinstance.py:1278} INFO - Marking task as SUCCESS. dag_id=ETL_stock_data_google_DAG, task_id=execute_python_script, execution_date=20230714T190727, start_date=20230714T190731, end_date=20230714T190854
[2023-07-14 19:08:54,186] {local_task_job.py:154} INFO - Task exited with return code 0
[2023-07-14 19:08:54,206] {local_task_job.py:264} INFO - 0 downstream tasks scheduled from follow-on schedule check
