[2023-07-19T22:11:03.449+0000] {taskinstance.py:1103} INFO - Dependencies all met for dep_context=non-requeueable deps ti=<TaskInstance: ETL_stock_data_google_DAG.transform_load_data manual__2023-07-19T22:10:57.720735+00:00 [queued]>
[2023-07-19T22:11:03.572+0000] {taskinstance.py:1103} INFO - Dependencies all met for dep_context=requeueable deps ti=<TaskInstance: ETL_stock_data_google_DAG.transform_load_data manual__2023-07-19T22:10:57.720735+00:00 [queued]>
[2023-07-19T22:11:03.574+0000] {taskinstance.py:1308} INFO - Starting attempt 1 of 1
[2023-07-19T22:11:03.592+0000] {taskinstance.py:1327} INFO - Executing <Task(BashOperator): transform_load_data> on 2023-07-19 22:10:57.720735+00:00
[2023-07-19T22:11:03.596+0000] {standard_task_runner.py:57} INFO - Started process 201 to run task
[2023-07-19T22:11:03.599+0000] {standard_task_runner.py:84} INFO - Running: ['***', 'tasks', 'run', 'ETL_stock_data_google_DAG', 'transform_load_data', 'manual__2023-07-19T22:10:57.720735+00:00', '--job-id', '62', '--raw', '--subdir', 'DAGS_FOLDER/ETL_stock_data_google_DAG.py', '--cfg-path', '/tmp/tmpyylmftld']
[2023-07-19T22:11:03.604+0000] {standard_task_runner.py:85} INFO - Job 62: Subtask transform_load_data
[2023-07-19T22:11:03.661+0000] {task_command.py:410} INFO - Running <TaskInstance: ETL_stock_data_google_DAG.transform_load_data manual__2023-07-19T22:10:57.720735+00:00 [running]> on host 90317fb99301
[2023-07-19T22:11:03.753+0000] {taskinstance.py:1545} INFO - Exporting env vars: AIRFLOW_CTX_DAG_OWNER='fvinciguerra' AIRFLOW_CTX_DAG_ID='ETL_stock_data_google_DAG' AIRFLOW_CTX_TASK_ID='transform_load_data' AIRFLOW_CTX_EXECUTION_DATE='2023-07-19T22:10:57.720735+00:00' AIRFLOW_CTX_TRY_NUMBER='1' AIRFLOW_CTX_DAG_RUN_ID='manual__2023-07-19T22:10:57.720735+00:00'
[2023-07-19T22:11:03.755+0000] {subprocess.py:63} INFO - Tmp dir root location: /tmp
[2023-07-19T22:11:03.757+0000] {subprocess.py:75} INFO - Running command: ['/bin/bash', '-c', 'python /opt/***/dags/pyscripts/TransformationLoad_stock_data_google.py']
[2023-07-19T22:11:03.764+0000] {subprocess.py:86} INFO - Output:
[2023-07-19T22:11:05.189+0000] {subprocess.py:93} INFO - 2023-07-19 22:11:05,188 - INFO - Iniciando transformaci贸n de datos...
[2023-07-19T22:11:05.226+0000] {subprocess.py:93} INFO - 2023-07-19 22:11:05,226 - INFO - Transformaci贸n de datos completada.
[2023-07-19T22:11:05.228+0000] {subprocess.py:93} INFO - 2023-07-19 22:11:05,226 - INFO - Iniciando carga de datos...
[2023-07-19T22:12:02.507+0000] {subprocess.py:93} INFO - 2023-07-19 22:12:02,506 - INFO - Carga de datos completada.
[2023-07-19T22:12:02.508+0000] {subprocess.py:93} INFO - 2023-07-19 22:12:02,507 - INFO - La inserci贸n de 'stock_data' se complet贸 exitosamente
[2023-07-19T22:12:02.578+0000] {subprocess.py:97} INFO - Command exited with return code 0
[2023-07-19T22:12:02.604+0000] {taskinstance.py:1345} INFO - Marking task as SUCCESS. dag_id=ETL_stock_data_google_DAG, task_id=transform_load_data, execution_date=20230719T221057, start_date=20230719T221103, end_date=20230719T221202
[2023-07-19T22:12:02.638+0000] {local_task_job_runner.py:225} INFO - Task exited with return code 0
[2023-07-19T22:12:02.665+0000] {taskinstance.py:2653} INFO - 1 downstream tasks scheduled from follow-on schedule check
