[2023-07-20T14:49:26.110+0000] {taskinstance.py:1103} INFO - Dependencies all met for dep_context=non-requeueable deps ti=<TaskInstance: ETL_stock_data_google_DAG.transform_load_data manual__2023-07-20T14:49:21.867555+00:00 [queued]>
[2023-07-20T14:49:26.222+0000] {taskinstance.py:1103} INFO - Dependencies all met for dep_context=requeueable deps ti=<TaskInstance: ETL_stock_data_google_DAG.transform_load_data manual__2023-07-20T14:49:21.867555+00:00 [queued]>
[2023-07-20T14:49:26.225+0000] {taskinstance.py:1308} INFO - Starting attempt 1 of 1
[2023-07-20T14:49:26.241+0000] {taskinstance.py:1327} INFO - Executing <Task(BashOperator): transform_load_data> on 2023-07-20 14:49:21.867555+00:00
[2023-07-20T14:49:26.244+0000] {standard_task_runner.py:57} INFO - Started process 196 to run task
[2023-07-20T14:49:26.247+0000] {standard_task_runner.py:84} INFO - Running: ['***', 'tasks', 'run', 'ETL_stock_data_google_DAG', 'transform_load_data', 'manual__2023-07-20T14:49:21.867555+00:00', '--job-id', '92', '--raw', '--subdir', 'DAGS_FOLDER/ETL_stock_data_google_DAG.py', '--cfg-path', '/tmp/tmpt48xkvp5']
[2023-07-20T14:49:26.250+0000] {standard_task_runner.py:85} INFO - Job 92: Subtask transform_load_data
[2023-07-20T14:49:26.297+0000] {task_command.py:410} INFO - Running <TaskInstance: ETL_stock_data_google_DAG.transform_load_data manual__2023-07-20T14:49:21.867555+00:00 [running]> on host 90317fb99301
[2023-07-20T14:49:26.372+0000] {taskinstance.py:1545} INFO - Exporting env vars: AIRFLOW_CTX_DAG_OWNER='fvinciguerra' AIRFLOW_CTX_DAG_ID='ETL_stock_data_google_DAG' AIRFLOW_CTX_TASK_ID='transform_load_data' AIRFLOW_CTX_EXECUTION_DATE='2023-07-20T14:49:21.867555+00:00' AIRFLOW_CTX_TRY_NUMBER='1' AIRFLOW_CTX_DAG_RUN_ID='manual__2023-07-20T14:49:21.867555+00:00'
[2023-07-20T14:49:26.374+0000] {subprocess.py:63} INFO - Tmp dir root location: /tmp
[2023-07-20T14:49:26.375+0000] {subprocess.py:75} INFO - Running command: ['/bin/bash', '-c', 'python /opt/***/dags/pyscripts/TransformationLoad_stock_data_google.py']
[2023-07-20T14:49:26.383+0000] {subprocess.py:86} INFO - Output:
[2023-07-20T14:49:27.600+0000] {subprocess.py:93} INFO - 2023-07-20 14:49:27,599 - INFO - Iniciando transformaci贸n de datos...
[2023-07-20T14:49:27.632+0000] {subprocess.py:93} INFO - 2023-07-20 14:49:27,631 - INFO - Transformaci贸n de datos completada.
[2023-07-20T14:49:27.632+0000] {subprocess.py:93} INFO - 2023-07-20 14:49:27,631 - INFO - Iniciando carga de datos...
[2023-07-20T14:50:22.364+0000] {subprocess.py:93} INFO - 2023-07-20 14:50:22,363 - INFO - Carga de datos completada.
[2023-07-20T14:50:22.365+0000] {subprocess.py:93} INFO - 2023-07-20 14:50:22,364 - INFO - La inserci贸n de 'stock_data' se complet贸 exitosamente
[2023-07-20T14:50:22.442+0000] {subprocess.py:97} INFO - Command exited with return code 0
[2023-07-20T14:50:22.470+0000] {taskinstance.py:1345} INFO - Marking task as SUCCESS. dag_id=ETL_stock_data_google_DAG, task_id=transform_load_data, execution_date=20230720T144921, start_date=20230720T144926, end_date=20230720T145022
[2023-07-20T14:50:22.496+0000] {local_task_job_runner.py:225} INFO - Task exited with return code 0
[2023-07-20T14:50:22.521+0000] {taskinstance.py:2653} INFO - 1 downstream tasks scheduled from follow-on schedule check
