[2023-07-18 16:35:08,063] {taskinstance.py:1043} INFO - Dependencies all met for <TaskInstance: ETL_stock_data_google_DAG.execute_python_script manual__2023-07-18T16:35:06.838890+00:00 [queued]>
[2023-07-18 16:35:08,076] {taskinstance.py:1043} INFO - Dependencies all met for <TaskInstance: ETL_stock_data_google_DAG.execute_python_script manual__2023-07-18T16:35:06.838890+00:00 [queued]>
[2023-07-18 16:35:08,078] {taskinstance.py:1249} INFO - 
--------------------------------------------------------------------------------
[2023-07-18 16:35:08,079] {taskinstance.py:1250} INFO - Starting attempt 1 of 1
[2023-07-18 16:35:08,080] {taskinstance.py:1251} INFO - 
--------------------------------------------------------------------------------
[2023-07-18 16:35:08,095] {taskinstance.py:1270} INFO - Executing <Task(BashOperator): execute_python_script> on 2023-07-18 16:35:06.838890+00:00
[2023-07-18 16:35:08,100] {standard_task_runner.py:52} INFO - Started process 178 to run task
[2023-07-18 16:35:08,104] {standard_task_runner.py:79} INFO - Running: ['***', 'tasks', 'run', 'ETL_stock_data_google_DAG', 'execute_python_script', 'manual__2023-07-18T16:35:06.838890+00:00', '--job-id', '59', '--raw', '--subdir', 'DAGS_FOLDER/ETL_stock_data_google_DAG.py', '--cfg-path', '/tmp/tmppsjqig90', '--error-file', '/tmp/tmpuvcyk_lj']
[2023-07-18 16:35:08,106] {standard_task_runner.py:80} INFO - Job 59: Subtask execute_python_script
[2023-07-18 16:35:08,174] {logging_mixin.py:109} INFO - Running <TaskInstance: ETL_stock_data_google_DAG.execute_python_script manual__2023-07-18T16:35:06.838890+00:00 [running]> on host 6253e3d8f871
[2023-07-18 16:35:08,234] {taskinstance.py:1446} INFO - Exporting the following env vars:
AIRFLOW_CTX_DAG_OWNER=fvinciguerra
AIRFLOW_CTX_DAG_ID=ETL_stock_data_google_DAG
AIRFLOW_CTX_TASK_ID=execute_python_script
AIRFLOW_CTX_EXECUTION_DATE=2023-07-18T16:35:06.838890+00:00
AIRFLOW_CTX_DAG_RUN_ID=manual__2023-07-18T16:35:06.838890+00:00
[2023-07-18 16:35:08,236] {subprocess.py:62} INFO - Tmp dir root location: 
 /tmp
[2023-07-18 16:35:08,237] {subprocess.py:74} INFO - Running command: ['bash', '-c', 'python /opt/***/dags/pyscripts/"ETL_stock_data_google v2".py']
[2023-07-18 16:35:08,244] {subprocess.py:85} INFO - Output:
[2023-07-18 16:35:10,436] {subprocess.py:89} INFO - 2023-07-18 16:35:10,436 - INFO - Iniciando extracción de datos...
[2023-07-18 16:35:10,898] {subprocess.py:89} INFO - 2023-07-18 16:35:10,898 - INFO - Extracción de datos completada.
[2023-07-18 16:35:10,904] {subprocess.py:89} INFO - 2023-07-18 16:35:10,903 - INFO - Iniciando transformación de datos...
[2023-07-18 16:35:10,926] {subprocess.py:89} INFO - 2023-07-18 16:35:10,924 - INFO - Transformación de datos completada.
[2023-07-18 16:35:10,929] {subprocess.py:89} INFO - 2023-07-18 16:35:10,925 - INFO - Iniciando carga de datos...
[2023-07-18 16:36:12,932] {subprocess.py:89} INFO - 2023-07-18 16:36:12,931 - INFO - Carga de datos completada.
[2023-07-18 16:36:12,934] {subprocess.py:89} INFO - 2023-07-18 16:36:12,932 - INFO - La inserción de 'stock_data' se completó exitosamente
[2023-07-18 16:36:13,036] {subprocess.py:93} INFO - Command exited with return code 0
[2023-07-18 16:36:13,079] {taskinstance.py:1278} INFO - Marking task as SUCCESS. dag_id=ETL_stock_data_google_DAG, task_id=execute_python_script, execution_date=20230718T163506, start_date=20230718T163508, end_date=20230718T163613
[2023-07-18 16:36:13,129] {local_task_job.py:154} INFO - Task exited with return code 0
[2023-07-18 16:36:13,181] {local_task_job.py:264} INFO - 0 downstream tasks scheduled from follow-on schedule check
