[2023-07-13 21:01:02,508] {taskinstance.py:1043} INFO - Dependencies all met for <TaskInstance: ETL_stock_data_google_DAG.get_process_date manual__2023-07-13T21:01:02.162773+00:00 [queued]>
[2023-07-13 21:01:02,520] {taskinstance.py:1043} INFO - Dependencies all met for <TaskInstance: ETL_stock_data_google_DAG.get_process_date manual__2023-07-13T21:01:02.162773+00:00 [queued]>
[2023-07-13 21:01:02,521] {taskinstance.py:1249} INFO - 
--------------------------------------------------------------------------------
[2023-07-13 21:01:02,522] {taskinstance.py:1250} INFO - Starting attempt 1 of 1
[2023-07-13 21:01:02,523] {taskinstance.py:1251} INFO - 
--------------------------------------------------------------------------------
[2023-07-13 21:01:02,539] {taskinstance.py:1270} INFO - Executing <Task(PythonOperator): get_process_date> on 2023-07-13 21:01:02.162773+00:00
[2023-07-13 21:01:02,543] {standard_task_runner.py:52} INFO - Started process 206 to run task
[2023-07-13 21:01:02,546] {standard_task_runner.py:79} INFO - Running: ['***', 'tasks', 'run', 'ETL_stock_data_google_DAG', 'get_process_date', 'manual__2023-07-13T21:01:02.162773+00:00', '--job-id', '21', '--raw', '--subdir', 'DAGS_FOLDER/ETL_stock_data_google_DAG.py', '--cfg-path', '/tmp/tmpbtz51rxl', '--error-file', '/tmp/tmpv7f4grzk']
[2023-07-13 21:01:02,547] {standard_task_runner.py:80} INFO - Job 21: Subtask get_process_date
[2023-07-13 21:01:02,612] {logging_mixin.py:109} INFO - Running <TaskInstance: ETL_stock_data_google_DAG.get_process_date manual__2023-07-13T21:01:02.162773+00:00 [running]> on host a917c5d777dc
[2023-07-13 21:01:02,667] {taskinstance.py:1446} INFO - Exporting the following env vars:
AIRFLOW_CTX_DAG_OWNER=fvinciguerra
AIRFLOW_CTX_DAG_ID=ETL_stock_data_google_DAG
AIRFLOW_CTX_TASK_ID=get_process_date
AIRFLOW_CTX_EXECUTION_DATE=2023-07-13T21:01:02.162773+00:00
AIRFLOW_CTX_DAG_RUN_ID=manual__2023-07-13T21:01:02.162773+00:00
[2023-07-13 21:01:02,680] {python.py:175} INFO - Done. Returned value was: None
[2023-07-13 21:01:02,693] {taskinstance.py:1278} INFO - Marking task as SUCCESS. dag_id=ETL_stock_data_google_DAG, task_id=get_process_date, execution_date=20230713T210102, start_date=20230713T210102, end_date=20230713T210102
[2023-07-13 21:01:02,720] {local_task_job.py:154} INFO - Task exited with return code 0
[2023-07-13 21:01:02,748] {local_task_job.py:264} INFO - 0 downstream tasks scheduled from follow-on schedule check
