[2023-07-19T20:44:03.672+0000] {taskinstance.py:1103} INFO - Dependencies all met for dep_context=non-requeueable deps ti=<TaskInstance: ETL_stock_data_google_DAG.transform_load_data manual__2023-07-19T20:44:02.269421+00:00 [queued]>
[2023-07-19T20:44:03.687+0000] {taskinstance.py:1103} INFO - Dependencies all met for dep_context=requeueable deps ti=<TaskInstance: ETL_stock_data_google_DAG.transform_load_data manual__2023-07-19T20:44:02.269421+00:00 [queued]>
[2023-07-19T20:44:03.688+0000] {taskinstance.py:1308} INFO - Starting attempt 1 of 1
[2023-07-19T20:44:03.834+0000] {taskinstance.py:1327} INFO - Executing <Task(BashOperator): transform_load_data> on 2023-07-19 20:44:02.269421+00:00
[2023-07-19T20:44:03.839+0000] {standard_task_runner.py:57} INFO - Started process 195 to run task
[2023-07-19T20:44:03.843+0000] {standard_task_runner.py:84} INFO - Running: ['***', 'tasks', 'run', 'ETL_stock_data_google_DAG', 'transform_load_data', 'manual__2023-07-19T20:44:02.269421+00:00', '--job-id', '7', '--raw', '--subdir', 'DAGS_FOLDER/ETL_stock_data_google_DAG.py', '--cfg-path', '/tmp/tmp01guwelk']
[2023-07-19T20:44:03.845+0000] {standard_task_runner.py:85} INFO - Job 7: Subtask transform_load_data
[2023-07-19T20:44:03.917+0000] {task_command.py:410} INFO - Running <TaskInstance: ETL_stock_data_google_DAG.transform_load_data manual__2023-07-19T20:44:02.269421+00:00 [running]> on host 90317fb99301
[2023-07-19T20:44:04.040+0000] {taskinstance.py:1545} INFO - Exporting env vars: AIRFLOW_CTX_DAG_OWNER='fvinciguerra' AIRFLOW_CTX_DAG_ID='ETL_stock_data_google_DAG' AIRFLOW_CTX_TASK_ID='transform_load_data' AIRFLOW_CTX_EXECUTION_DATE='2023-07-19T20:44:02.269421+00:00' AIRFLOW_CTX_TRY_NUMBER='1' AIRFLOW_CTX_DAG_RUN_ID='manual__2023-07-19T20:44:02.269421+00:00'
[2023-07-19T20:44:04.042+0000] {subprocess.py:63} INFO - Tmp dir root location: /tmp
[2023-07-19T20:44:04.044+0000] {subprocess.py:75} INFO - Running command: ['/bin/bash', '-c', 'python /opt/***/dags/pyscripts/TransformationLoad_stock_data_google.py']
[2023-07-19T20:44:04.057+0000] {subprocess.py:86} INFO - Output:
[2023-07-19T20:44:05.607+0000] {subprocess.py:93} INFO - 2023-07-19 20:44:05,606 - INFO - Iniciando transformaci贸n de datos...
[2023-07-19T20:44:05.646+0000] {subprocess.py:93} INFO - 2023-07-19 20:44:05,645 - INFO - Transformaci贸n de datos completada.
[2023-07-19T20:44:05.647+0000] {subprocess.py:93} INFO - 2023-07-19 20:44:05,646 - INFO - Iniciando carga de datos...
[2023-07-19T20:45:05.727+0000] {subprocess.py:93} INFO - 2023-07-19 20:45:05,726 - INFO - Carga de datos completada.
[2023-07-19T20:45:05.729+0000] {subprocess.py:93} INFO - 2023-07-19 20:45:05,727 - INFO - La inserci贸n de 'stock_data' se complet贸 exitosamente
[2023-07-19T20:45:05.795+0000] {subprocess.py:97} INFO - Command exited with return code 0
[2023-07-19T20:45:05.823+0000] {taskinstance.py:1345} INFO - Marking task as SUCCESS. dag_id=ETL_stock_data_google_DAG, task_id=transform_load_data, execution_date=20230719T204402, start_date=20230719T204403, end_date=20230719T204505
[2023-07-19T20:45:05.885+0000] {local_task_job_runner.py:225} INFO - Task exited with return code 0
[2023-07-19T20:45:05.903+0000] {taskinstance.py:2653} INFO - 0 downstream tasks scheduled from follow-on schedule check
