[2023-07-20T13:24:33.832+0000] {taskinstance.py:1103} INFO - Dependencies all met for dep_context=non-requeueable deps ti=<TaskInstance: ETL_stock_data_google_DAG.transform_load_data scheduled__2023-07-19T00:00:00+00:00 [queued]>
[2023-07-20T13:24:34.061+0000] {taskinstance.py:1103} INFO - Dependencies all met for dep_context=requeueable deps ti=<TaskInstance: ETL_stock_data_google_DAG.transform_load_data scheduled__2023-07-19T00:00:00+00:00 [queued]>
[2023-07-20T13:24:34.063+0000] {taskinstance.py:1308} INFO - Starting attempt 1 of 1
[2023-07-20T13:24:34.099+0000] {taskinstance.py:1327} INFO - Executing <Task(BashOperator): transform_load_data> on 2023-07-19 00:00:00+00:00
[2023-07-20T13:24:34.108+0000] {standard_task_runner.py:57} INFO - Started process 181 to run task
[2023-07-20T13:24:34.118+0000] {standard_task_runner.py:84} INFO - Running: ['***', 'tasks', 'run', 'ETL_stock_data_google_DAG', 'transform_load_data', 'scheduled__2023-07-19T00:00:00+00:00', '--job-id', '69', '--raw', '--subdir', 'DAGS_FOLDER/ETL_stock_data_google_DAG.py', '--cfg-path', '/tmp/tmp0he6fue5']
[2023-07-20T13:24:34.123+0000] {standard_task_runner.py:85} INFO - Job 69: Subtask transform_load_data
[2023-07-20T13:24:34.239+0000] {task_command.py:410} INFO - Running <TaskInstance: ETL_stock_data_google_DAG.transform_load_data scheduled__2023-07-19T00:00:00+00:00 [running]> on host 90317fb99301
[2023-07-20T13:24:34.418+0000] {taskinstance.py:1545} INFO - Exporting env vars: AIRFLOW_CTX_DAG_OWNER='fvinciguerra' AIRFLOW_CTX_DAG_ID='ETL_stock_data_google_DAG' AIRFLOW_CTX_TASK_ID='transform_load_data' AIRFLOW_CTX_EXECUTION_DATE='2023-07-19T00:00:00+00:00' AIRFLOW_CTX_TRY_NUMBER='1' AIRFLOW_CTX_DAG_RUN_ID='scheduled__2023-07-19T00:00:00+00:00'
[2023-07-20T13:24:34.424+0000] {subprocess.py:63} INFO - Tmp dir root location: /tmp
[2023-07-20T13:24:34.425+0000] {subprocess.py:75} INFO - Running command: ['/bin/bash', '-c', 'python /opt/***/dags/pyscripts/TransformationLoad_stock_data_google.py']
[2023-07-20T13:24:34.437+0000] {subprocess.py:86} INFO - Output:
[2023-07-20T13:24:36.531+0000] {subprocess.py:93} INFO - 2023-07-20 13:24:36,531 - INFO - Iniciando transformaci贸n de datos...
[2023-07-20T13:24:36.606+0000] {subprocess.py:93} INFO - 2023-07-20 13:24:36,605 - INFO - Transformaci贸n de datos completada.
[2023-07-20T13:24:36.607+0000] {subprocess.py:93} INFO - 2023-07-20 13:24:36,606 - INFO - Iniciando carga de datos...
[2023-07-20T13:25:57.588+0000] {subprocess.py:93} INFO - 2023-07-20 13:25:57,587 - INFO - Carga de datos completada.
[2023-07-20T13:25:57.589+0000] {subprocess.py:93} INFO - 2023-07-20 13:25:57,588 - INFO - La inserci贸n de 'stock_data' se complet贸 exitosamente
[2023-07-20T13:25:57.696+0000] {subprocess.py:97} INFO - Command exited with return code 0
[2023-07-20T13:25:57.726+0000] {taskinstance.py:1345} INFO - Marking task as SUCCESS. dag_id=ETL_stock_data_google_DAG, task_id=transform_load_data, execution_date=20230719T000000, start_date=20230720T132433, end_date=20230720T132557
[2023-07-20T13:25:57.770+0000] {local_task_job_runner.py:225} INFO - Task exited with return code 0
[2023-07-20T13:25:57.801+0000] {taskinstance.py:2653} INFO - 0 downstream tasks scheduled from follow-on schedule check
