[2023-07-20T14:40:49.490+0000] {taskinstance.py:1103} INFO - Dependencies all met for dep_context=non-requeueable deps ti=<TaskInstance: ETL_stock_data_google_DAG.transform_load_data manual__2023-07-20T14:40:30.790213+00:00 [queued]>
[2023-07-20T14:40:49.761+0000] {taskinstance.py:1103} INFO - Dependencies all met for dep_context=requeueable deps ti=<TaskInstance: ETL_stock_data_google_DAG.transform_load_data manual__2023-07-20T14:40:30.790213+00:00 [queued]>
[2023-07-20T14:40:49.763+0000] {taskinstance.py:1308} INFO - Starting attempt 1 of 1
[2023-07-20T14:40:49.807+0000] {taskinstance.py:1327} INFO - Executing <Task(BashOperator): transform_load_data> on 2023-07-20 14:40:30.790213+00:00
[2023-07-20T14:40:49.814+0000] {standard_task_runner.py:57} INFO - Started process 246 to run task
[2023-07-20T14:40:49.820+0000] {standard_task_runner.py:84} INFO - Running: ['***', 'tasks', 'run', 'ETL_stock_data_google_DAG', 'transform_load_data', 'manual__2023-07-20T14:40:30.790213+00:00', '--job-id', '82', '--raw', '--subdir', 'DAGS_FOLDER/ETL_stock_data_google_DAG.py', '--cfg-path', '/tmp/tmpbbhp_kr2']
[2023-07-20T14:40:49.823+0000] {standard_task_runner.py:85} INFO - Job 82: Subtask transform_load_data
[2023-07-20T14:40:49.917+0000] {task_command.py:410} INFO - Running <TaskInstance: ETL_stock_data_google_DAG.transform_load_data manual__2023-07-20T14:40:30.790213+00:00 [running]> on host 90317fb99301
[2023-07-20T14:40:50.128+0000] {taskinstance.py:1545} INFO - Exporting env vars: AIRFLOW_CTX_DAG_OWNER='fvinciguerra' AIRFLOW_CTX_DAG_ID='ETL_stock_data_google_DAG' AIRFLOW_CTX_TASK_ID='transform_load_data' AIRFLOW_CTX_EXECUTION_DATE='2023-07-20T14:40:30.790213+00:00' AIRFLOW_CTX_TRY_NUMBER='1' AIRFLOW_CTX_DAG_RUN_ID='manual__2023-07-20T14:40:30.790213+00:00'
[2023-07-20T14:40:50.132+0000] {subprocess.py:63} INFO - Tmp dir root location: /tmp
[2023-07-20T14:40:50.136+0000] {subprocess.py:75} INFO - Running command: ['/bin/bash', '-c', 'python /opt/***/dags/pyscripts/TransformationLoad_stock_data_google.py']
[2023-07-20T14:40:50.159+0000] {subprocess.py:86} INFO - Output:
[2023-07-20T14:40:53.253+0000] {subprocess.py:93} INFO - 2023-07-20 14:40:53,252 - INFO - Iniciando transformación de datos...
[2023-07-20T14:40:53.272+0000] {subprocess.py:93} INFO - 2023-07-20 14:40:53,272 - INFO - Transformación de datos completada.
[2023-07-20T14:40:53.273+0000] {subprocess.py:93} INFO - 2023-07-20 14:40:53,272 - INFO - Iniciando carga de datos...
[2023-07-20T14:40:59.754+0000] {subprocess.py:93} INFO - 2023-07-20 14:40:59,754 - ERROR - Error: "['Dividends'] not in index"
[2023-07-20T14:40:59.867+0000] {subprocess.py:97} INFO - Command exited with return code 0
[2023-07-20T14:40:59.930+0000] {taskinstance.py:1345} INFO - Marking task as SUCCESS. dag_id=ETL_stock_data_google_DAG, task_id=transform_load_data, execution_date=20230720T144030, start_date=20230720T144049, end_date=20230720T144059
[2023-07-20T14:40:59.981+0000] {local_task_job_runner.py:225} INFO - Task exited with return code 0
[2023-07-20T14:41:00.086+0000] {taskinstance.py:2653} INFO - 1 downstream tasks scheduled from follow-on schedule check
