[2023-07-19T21:28:03.160+0000] {taskinstance.py:1103} INFO - Dependencies all met for dep_context=non-requeueable deps ti=<TaskInstance: ETL_stock_data_google_DAG.transform_load_data manual__2023-07-19T21:27:57.858815+00:00 [queued]>
[2023-07-19T21:28:03.172+0000] {taskinstance.py:1103} INFO - Dependencies all met for dep_context=requeueable deps ti=<TaskInstance: ETL_stock_data_google_DAG.transform_load_data manual__2023-07-19T21:27:57.858815+00:00 [queued]>
[2023-07-19T21:28:03.174+0000] {taskinstance.py:1308} INFO - Starting attempt 1 of 1
[2023-07-19T21:28:03.192+0000] {taskinstance.py:1327} INFO - Executing <Task(BashOperator): transform_load_data> on 2023-07-19 21:27:57.858815+00:00
[2023-07-19T21:28:03.196+0000] {standard_task_runner.py:57} INFO - Started process 186 to run task
[2023-07-19T21:28:03.199+0000] {standard_task_runner.py:84} INFO - Running: ['***', 'tasks', 'run', 'ETL_stock_data_google_DAG', 'transform_load_data', 'manual__2023-07-19T21:27:57.858815+00:00', '--job-id', '38', '--raw', '--subdir', 'DAGS_FOLDER/ETL_stock_data_google_DAG.py', '--cfg-path', '/tmp/tmppl5ttgm5']
[2023-07-19T21:28:03.202+0000] {standard_task_runner.py:85} INFO - Job 38: Subtask transform_load_data
[2023-07-19T21:28:03.264+0000] {task_command.py:410} INFO - Running <TaskInstance: ETL_stock_data_google_DAG.transform_load_data manual__2023-07-19T21:27:57.858815+00:00 [running]> on host 90317fb99301
[2023-07-19T21:28:03.364+0000] {taskinstance.py:1545} INFO - Exporting env vars: AIRFLOW_CTX_DAG_OWNER='fvinciguerra' AIRFLOW_CTX_DAG_ID='ETL_stock_data_google_DAG' AIRFLOW_CTX_TASK_ID='transform_load_data' AIRFLOW_CTX_EXECUTION_DATE='2023-07-19T21:27:57.858815+00:00' AIRFLOW_CTX_TRY_NUMBER='1' AIRFLOW_CTX_DAG_RUN_ID='manual__2023-07-19T21:27:57.858815+00:00'
[2023-07-19T21:28:03.366+0000] {subprocess.py:63} INFO - Tmp dir root location: /tmp
[2023-07-19T21:28:03.368+0000] {subprocess.py:75} INFO - Running command: ['/bin/bash', '-c', 'python /opt/***/dags/pyscripts/TransformationLoad_stock_data_google.py']
[2023-07-19T21:28:03.379+0000] {subprocess.py:86} INFO - Output:
[2023-07-19T21:28:04.835+0000] {subprocess.py:93} INFO - 2023-07-19 21:28:04,835 - INFO - Iniciando transformaci贸n de datos...
[2023-07-19T21:28:04.878+0000] {subprocess.py:93} INFO - 2023-07-19 21:28:04,877 - INFO - Transformaci贸n de datos completada.
[2023-07-19T21:28:04.878+0000] {subprocess.py:93} INFO - 2023-07-19 21:28:04,877 - INFO - Iniciando carga de datos...
[2023-07-19T21:29:04.695+0000] {subprocess.py:93} INFO - 2023-07-19 21:29:04,695 - INFO - Carga de datos completada.
[2023-07-19T21:29:04.697+0000] {subprocess.py:93} INFO - 2023-07-19 21:29:04,695 - INFO - La inserci贸n de 'stock_data' se complet贸 exitosamente
[2023-07-19T21:29:04.776+0000] {subprocess.py:97} INFO - Command exited with return code 0
[2023-07-19T21:29:04.804+0000] {taskinstance.py:1345} INFO - Marking task as SUCCESS. dag_id=ETL_stock_data_google_DAG, task_id=transform_load_data, execution_date=20230719T212757, start_date=20230719T212803, end_date=20230719T212904
[2023-07-19T21:29:04.843+0000] {local_task_job_runner.py:225} INFO - Task exited with return code 0
[2023-07-19T21:29:04.875+0000] {taskinstance.py:2653} INFO - 1 downstream tasks scheduled from follow-on schedule check
