[2023-07-13 21:10:12,483] {taskinstance.py:1043} INFO - Dependencies all met for <TaskInstance: ETL_stock_data_google_DAG.get_process_date manual__2023-07-13T21:10:11.387326+00:00 [queued]>
[2023-07-13 21:10:12,492] {taskinstance.py:1043} INFO - Dependencies all met for <TaskInstance: ETL_stock_data_google_DAG.get_process_date manual__2023-07-13T21:10:11.387326+00:00 [queued]>
[2023-07-13 21:10:12,493] {taskinstance.py:1249} INFO - 
--------------------------------------------------------------------------------
[2023-07-13 21:10:12,494] {taskinstance.py:1250} INFO - Starting attempt 1 of 1
[2023-07-13 21:10:12,495] {taskinstance.py:1251} INFO - 
--------------------------------------------------------------------------------
[2023-07-13 21:10:12,510] {taskinstance.py:1270} INFO - Executing <Task(PythonOperator): get_process_date> on 2023-07-13 21:10:11.387326+00:00
[2023-07-13 21:10:12,516] {standard_task_runner.py:52} INFO - Started process 284 to run task
[2023-07-13 21:10:12,519] {standard_task_runner.py:79} INFO - Running: ['***', 'tasks', 'run', 'ETL_stock_data_google_DAG', 'get_process_date', 'manual__2023-07-13T21:10:11.387326+00:00', '--job-id', '24', '--raw', '--subdir', 'DAGS_FOLDER/ETL_stock_data_google_DAG.py', '--cfg-path', '/tmp/tmp2qfzdd24', '--error-file', '/tmp/tmp1z55k8h1']
[2023-07-13 21:10:12,521] {standard_task_runner.py:80} INFO - Job 24: Subtask get_process_date
[2023-07-13 21:10:12,579] {logging_mixin.py:109} INFO - Running <TaskInstance: ETL_stock_data_google_DAG.get_process_date manual__2023-07-13T21:10:11.387326+00:00 [running]> on host a917c5d777dc
[2023-07-13 21:10:12,632] {taskinstance.py:1446} INFO - Exporting the following env vars:
AIRFLOW_CTX_DAG_OWNER=fvinciguerra
AIRFLOW_CTX_DAG_ID=ETL_stock_data_google_DAG
AIRFLOW_CTX_TASK_ID=get_process_date
AIRFLOW_CTX_EXECUTION_DATE=2023-07-13T21:10:11.387326+00:00
AIRFLOW_CTX_DAG_RUN_ID=manual__2023-07-13T21:10:11.387326+00:00
[2023-07-13 21:10:12,648] {python.py:175} INFO - Done. Returned value was: None
[2023-07-13 21:10:12,658] {taskinstance.py:1278} INFO - Marking task as SUCCESS. dag_id=ETL_stock_data_google_DAG, task_id=get_process_date, execution_date=20230713T211011, start_date=20230713T211012, end_date=20230713T211012
[2023-07-13 21:10:12,694] {local_task_job.py:154} INFO - Task exited with return code 0
[2023-07-13 21:10:12,720] {local_task_job.py:264} INFO - 0 downstream tasks scheduled from follow-on schedule check
