[2023-07-15 00:00:01,383] {taskinstance.py:1043} INFO - Dependencies all met for <TaskInstance: ETL_stock_data_google_DAG.execute_python_script scheduled__2023-07-14T00:00:00+00:00 [queued]>
[2023-07-15 00:00:01,403] {taskinstance.py:1043} INFO - Dependencies all met for <TaskInstance: ETL_stock_data_google_DAG.execute_python_script scheduled__2023-07-14T00:00:00+00:00 [queued]>
[2023-07-15 00:00:01,404] {taskinstance.py:1249} INFO - 
--------------------------------------------------------------------------------
[2023-07-15 00:00:01,404] {taskinstance.py:1250} INFO - Starting attempt 1 of 1
[2023-07-15 00:00:01,405] {taskinstance.py:1251} INFO - 
--------------------------------------------------------------------------------
[2023-07-15 00:00:01,417] {taskinstance.py:1270} INFO - Executing <Task(BashOperator): execute_python_script> on 2023-07-14 00:00:00+00:00
[2023-07-15 00:00:01,422] {standard_task_runner.py:52} INFO - Started process 8790 to run task
[2023-07-15 00:00:01,428] {standard_task_runner.py:79} INFO - Running: ['***', 'tasks', 'run', 'ETL_stock_data_google_DAG', 'execute_python_script', 'scheduled__2023-07-14T00:00:00+00:00', '--job-id', '43', '--raw', '--subdir', 'DAGS_FOLDER/ETL_stock_data_google_DAG.py', '--cfg-path', '/tmp/tmp6mv3liex', '--error-file', '/tmp/tmp70huc3pe']
[2023-07-15 00:00:01,431] {standard_task_runner.py:80} INFO - Job 43: Subtask execute_python_script
[2023-07-15 00:00:01,503] {logging_mixin.py:109} INFO - Running <TaskInstance: ETL_stock_data_google_DAG.execute_python_script scheduled__2023-07-14T00:00:00+00:00 [running]> on host fcaaf4153cbd
[2023-07-15 00:00:01,580] {taskinstance.py:1446} INFO - Exporting the following env vars:
AIRFLOW_CTX_DAG_OWNER=fvinciguerra
AIRFLOW_CTX_DAG_ID=ETL_stock_data_google_DAG
AIRFLOW_CTX_TASK_ID=execute_python_script
AIRFLOW_CTX_EXECUTION_DATE=2023-07-14T00:00:00+00:00
AIRFLOW_CTX_DAG_RUN_ID=scheduled__2023-07-14T00:00:00+00:00
[2023-07-15 00:00:01,581] {subprocess.py:62} INFO - Tmp dir root location: 
 /tmp
[2023-07-15 00:00:01,583] {subprocess.py:74} INFO - Running command: ['bash', '-c', 'python /opt/***/dags/pyscripts/ETL_stock_data_google.py']
[2023-07-15 00:00:01,591] {subprocess.py:85} INFO - Output:
[2023-07-15 00:01:11,056] {subprocess.py:89} INFO - El insert de 'stock_data' se completó exitosamente
[2023-07-15 00:01:11,134] {subprocess.py:93} INFO - Command exited with return code 0
[2023-07-15 00:01:11,159] {taskinstance.py:1278} INFO - Marking task as SUCCESS. dag_id=ETL_stock_data_google_DAG, task_id=execute_python_script, execution_date=20230714T000000, start_date=20230715T000001, end_date=20230715T000111
[2023-07-15 00:01:11,187] {local_task_job.py:154} INFO - Task exited with return code 0
[2023-07-15 00:01:11,213] {local_task_job.py:264} INFO - 0 downstream tasks scheduled from follow-on schedule check
